<?xml version="1.0" encoding="UTF-8"?>
<testsuite xmlns:xsi="http://www.w3.org/2001/XMLSchema-instance" xsi:noNamespaceSchemaLocation="https://maven.apache.org/surefire/maven-surefire-plugin/xsd/surefire-test-report.xsd" name="teachers.TeacherResourceTest" time="8.584" tests="1" errors="0" skipped="0" failures="1">
  <properties>
    <property name="sun.desktop" value="windows"/>
    <property name="awt.toolkit" value="sun.awt.windows.WToolkit"/>
    <property name="java.specification.version" value="11"/>
    <property name="sun.cpu.isalist" value="amd64"/>
    <property name="sun.jnu.encoding" value="Cp1252"/>
    <property name="java.class.path" value="C:\Users\Marius\Desktop\teachers_api\target\test-classes;C:\Users\Marius\Desktop\teachers_api\target\classes;C:\Users\Marius\.m2\repository\io\quarkus\quarkus-resteasy\1.3.2.Final\quarkus-resteasy-1.3.2.Final.jar;C:\Users\Marius\.m2\repository\io\quarkus\quarkus-vertx-http\1.3.2.Final\quarkus-vertx-http-1.3.2.Final.jar;C:\Users\Marius\.m2\repository\io\quarkus\quarkus-development-mode-spi\1.3.2.Final\quarkus-development-mode-spi-1.3.2.Final.jar;C:\Users\Marius\.m2\repository\io\quarkus\security\quarkus-security\1.0.1.Final\quarkus-security-1.0.1.Final.jar;C:\Users\Marius\.m2\repository\jakarta\enterprise\jakarta.enterprise.cdi-api\2.0.2\jakarta.enterprise.cdi-api-2.0.2.jar;C:\Users\Marius\.m2\repository\jakarta\el\jakarta.el-api\3.0.3\jakarta.el-api-3.0.3.jar;C:\Users\Marius\.m2\repository\jakarta\interceptor\jakarta.interceptor-api\1.2.5\jakarta.interceptor-api-1.2.5.jar;C:\Users\Marius\.m2\repository\io\quarkus\quarkus-vertx-core\1.3.2.Final\quarkus-vertx-core-1.3.2.Final.jar;C:\Users\Marius\.m2\repository\io\quarkus\quarkus-netty\1.3.2.Final\quarkus-netty-1.3.2.Final.jar;C:\Users\Marius\.m2\repository\io\netty\netty-codec\4.1.45.Final\netty-codec-4.1.45.Final.jar;C:\Users\Marius\.m2\repository\io\netty\netty-handler\4.1.45.Final\netty-handler-4.1.45.Final.jar;C:\Users\Marius\.m2\repository\io\vertx\vertx-core\3.8.5\vertx-core-3.8.5.jar;C:\Users\Marius\.m2\repository\io\netty\netty-common\4.1.45.Final\netty-common-4.1.45.Final.jar;C:\Users\Marius\.m2\repository\io\netty\netty-buffer\4.1.45.Final\netty-buffer-4.1.45.Final.jar;C:\Users\Marius\.m2\repository\io\netty\netty-transport\4.1.45.Final\netty-transport-4.1.45.Final.jar;C:\Users\Marius\.m2\repository\io\netty\netty-handler-proxy\4.1.45.Final\netty-handler-proxy-4.1.45.Final.jar;C:\Users\Marius\.m2\repository\io\netty\netty-codec-socks\4.1.45.Final\netty-codec-socks-4.1.45.Final.jar;C:\Users\Marius\.m2\repository\io\netty\netty-codec-http\4.1.45.Final\netty-codec-http-4.1.45.Final.jar;C:\Users\Marius\.m2\repository\io\netty\netty-codec-http2\4.1.45.Final\netty-codec-http2-4.1.45.Final.jar;C:\Users\Marius\.m2\repository\io\netty\netty-resolver\4.1.45.Final\netty-resolver-4.1.45.Final.jar;C:\Users\Marius\.m2\repository\io\netty\netty-resolver-dns\4.1.45.Final\netty-resolver-dns-4.1.45.Final.jar;C:\Users\Marius\.m2\repository\io\netty\netty-codec-dns\4.1.45.Final\netty-codec-dns-4.1.45.Final.jar;C:\Users\Marius\.m2\repository\com\fasterxml\jackson\core\jackson-core\2.10.2\jackson-core-2.10.2.jar;C:\Users\Marius\.m2\repository\io\vertx\vertx-web\3.8.5\vertx-web-3.8.5.jar;C:\Users\Marius\.m2\repository\io\vertx\vertx-web-common\3.8.5\vertx-web-common-3.8.5.jar;C:\Users\Marius\.m2\repository\io\vertx\vertx-auth-common\3.8.5\vertx-auth-common-3.8.5.jar;C:\Users\Marius\.m2\repository\io\vertx\vertx-bridge-common\3.8.5\vertx-bridge-common-3.8.5.jar;C:\Users\Marius\.m2\repository\io\quarkus\quarkus-resteasy-server-common\1.3.2.Final\quarkus-resteasy-server-common-1.3.2.Final.jar;C:\Users\Marius\.m2\repository\io\quarkus\quarkus-arc\1.3.2.Final\quarkus-arc-1.3.2.Final.jar;C:\Users\Marius\.m2\repository\io\quarkus\arc\arc\1.3.2.Final\arc-1.3.2.Final.jar;C:\Users\Marius\.m2\repository\jakarta\transaction\jakarta.transaction-api\1.3.3\jakarta.transaction-api-1.3.3.jar;C:\Users\Marius\.m2\repository\org\eclipse\microprofile\context-propagation\microprofile-context-propagation-api\1.0.1\microprofile-context-propagation-api-1.0.1.jar;C:\Users\Marius\.m2\repository\io\quarkus\quarkus-resteasy-common\1.3.2.Final\quarkus-resteasy-common-1.3.2.Final.jar;C:\Users\Marius\.m2\repository\org\jboss\resteasy\resteasy-core\4.5.3.Final\resteasy-core-4.5.3.Final.jar;C:\Users\Marius\.m2\repository\org\jboss\spec\javax\ws\rs\jboss-jaxrs-api_2.1_spec\2.0.1.Final\jboss-jaxrs-api_2.1_spec-2.0.1.Final.jar;C:\Users\Marius\.m2\repository\org\jboss\spec\javax\xml\bind\jboss-jaxb-api_2.3_spec\2.0.0.Final\jboss-jaxb-api_2.3_spec-2.0.0.Final.jar;C:\Users\Marius\.m2\repository\org\jboss\resteasy\resteasy-core-spi\4.5.3.Final\resteasy-core-spi-4.5.3.Final.jar;C:\Users\Marius\.m2\repository\org\reactivestreams\reactive-streams\1.0.3\reactive-streams-1.0.3.jar;C:\Users\Marius\.m2\repository\org\eclipse\microprofile\config\microprofile-config-api\1.4\microprofile-config-api-1.4.jar;C:\Users\Marius\.m2\repository\com\sun\activation\jakarta.activation\1.2.1\jakarta.activation-1.2.1.jar;C:\Users\Marius\.m2\repository\jakarta\validation\jakarta.validation-api\2.0.2\jakarta.validation-api-2.0.2.jar;C:\Users\Marius\.m2\repository\io\quarkus\quarkus-junit5\1.3.2.Final\quarkus-junit5-1.3.2.Final.jar;C:\Users\Marius\.m2\repository\io\quarkus\quarkus-bootstrap-core\1.3.2.Final\quarkus-bootstrap-core-1.3.2.Final.jar;C:\Users\Marius\.m2\repository\org\ow2\asm\asm\7.3.1\asm-7.3.1.jar;C:\Users\Marius\.m2\repository\org\apache\maven\maven-embedder\3.6.3\maven-embedder-3.6.3.jar;C:\Users\Marius\.m2\repository\org\apache\maven\maven-settings\3.6.3\maven-settings-3.6.3.jar;C:\Users\Marius\.m2\repository\org\apache\maven\maven-core\3.6.3\maven-core-3.6.3.jar;C:\Users\Marius\.m2\repository\org\apache\maven\maven-artifact\3.6.3\maven-artifact-3.6.3.jar;C:\Users\Marius\.m2\repository\org\codehaus\plexus\plexus-component-annotations\2.1.0\plexus-component-annotations-2.1.0.jar;C:\Users\Marius\.m2\repository\org\apache\maven\maven-plugin-api\3.6.3\maven-plugin-api-3.6.3.jar;C:\Users\Marius\.m2\repository\org\apache\maven\maven-model\3.6.3\maven-model-3.6.3.jar;C:\Users\Marius\.m2\repository\org\apache\maven\maven-model-builder\3.6.3\maven-model-builder-3.6.3.jar;C:\Users\Marius\.m2\repository\org\apache\maven\maven-builder-support\3.6.3\maven-builder-support-3.6.3.jar;C:\Users\Marius\.m2\repository\org\apache\maven\resolver\maven-resolver-api\1.4.1\maven-resolver-api-1.4.1.jar;C:\Users\Marius\.m2\repository\org\apache\maven\resolver\maven-resolver-util\1.4.1\maven-resolver-util-1.4.1.jar;C:\Users\Marius\.m2\repository\org\apache\maven\shared\maven-shared-utils\3.2.1\maven-shared-utils-3.2.1.jar;C:\Users\Marius\.m2\repository\com\google\inject\guice\4.2.1\guice-4.2.1-no_aop.jar;C:\Users\Marius\.m2\repository\com\google\guava\guava\27.0.1-jre\guava-27.0.1-jre.jar;C:\Users\Marius\.m2\repository\com\google\guava\failureaccess\1.0.1\failureaccess-1.0.1.jar;C:\Users\Marius\.m2\repository\com\google\guava\listenablefuture\9999.0-empty-to-avoid-conflict-with-guava\listenablefuture-9999.0-empty-to-avoid-conflict-with-guava.jar;C:\Users\Marius\.m2\repository\org\codehaus\plexus\plexus-utils\3.2.1\plexus-utils-3.2.1.jar;C:\Users\Marius\.m2\repository\org\eclipse\sisu\org.eclipse.sisu.plexus\0.3.4\org.eclipse.sisu.plexus-0.3.4.jar;C:\Users\Marius\.m2\repository\commons-cli\commons-cli\1.4\commons-cli-1.4.jar;C:\Users\Marius\.m2\repository\org\apache\maven\maven-settings-builder\3.6.3\maven-settings-builder-3.6.3.jar;C:\Users\Marius\.m2\repository\org\codehaus\plexus\plexus-interpolation\1.25\plexus-interpolation-1.25.jar;C:\Users\Marius\.m2\repository\org\sonatype\plexus\plexus-sec-dispatcher\1.4\plexus-sec-dispatcher-1.4.jar;C:\Users\Marius\.m2\repository\org\sonatype\plexus\plexus-cipher\1.4\plexus-cipher-1.4.jar;C:\Users\Marius\.m2\repository\org\apache\maven\maven-resolver-provider\3.6.3\maven-resolver-provider-3.6.3.jar;C:\Users\Marius\.m2\repository\org\apache\maven\maven-repository-metadata\3.6.3\maven-repository-metadata-3.6.3.jar;C:\Users\Marius\.m2\repository\org\apache\maven\resolver\maven-resolver-spi\1.4.1\maven-resolver-spi-1.4.1.jar;C:\Users\Marius\.m2\repository\org\apache\maven\resolver\maven-resolver-impl\1.4.1\maven-resolver-impl-1.4.1.jar;C:\Users\Marius\.m2\repository\org\apache\maven\resolver\maven-resolver-connector-basic\1.4.1\maven-resolver-connector-basic-1.4.1.jar;C:\Users\Marius\.m2\repository\org\apache\maven\resolver\maven-resolver-transport-wagon\1.4.1\maven-resolver-transport-wagon-1.4.1.jar;C:\Users\Marius\.m2\repository\org\apache\maven\wagon\wagon-http\3.3.4\wagon-http-3.3.4.jar;C:\Users\Marius\.m2\repository\org\apache\maven\wagon\wagon-http-shared\3.3.4\wagon-http-shared-3.3.4.jar;C:\Users\Marius\.m2\repository\org\jsoup\jsoup\1.12.1\jsoup-1.12.1.jar;C:\Users\Marius\.m2\repository\org\apache\maven\wagon\wagon-provider-api\3.3.4\wagon-provider-api-3.3.4.jar;C:\Users\Marius\.m2\repository\org\apache\maven\wagon\wagon-file\3.3.4\wagon-file-3.3.4.jar;C:\Users\Marius\.m2\repository\org\jboss\logging\jboss-logging\3.3.2.Final\jboss-logging-3.3.2.Final.jar;C:\Users\Marius\.m2\repository\org\jboss\logging\commons-logging-jboss-logging\1.0.0.Final\commons-logging-jboss-logging-1.0.0.Final.jar;C:\Users\Marius\.m2\repository\io\quarkus\quarkus-test-common\1.3.2.Final\quarkus-test-common-1.3.2.Final.jar;C:\Users\Marius\.m2\repository\io\quarkus\quarkus-core-deployment\1.3.2.Final\quarkus-core-deployment-1.3.2.Final.jar;C:\Users\Marius\.m2\repository\io\quarkus\gizmo\gizmo\1.0.2.Final\gizmo-1.0.2.Final.jar;C:\Users\Marius\.m2\repository\org\ow2\asm\asm-util\7.3.1\asm-util-7.3.1.jar;C:\Users\Marius\.m2\repository\org\ow2\asm\asm-tree\7.3.1\asm-tree-7.3.1.jar;C:\Users\Marius\.m2\repository\org\ow2\asm\asm-analysis\7.3.1\asm-analysis-7.3.1.jar;C:\Users\Marius\.m2\repository\io\quarkus\quarkus-builder\1.3.2.Final\quarkus-builder-1.3.2.Final.jar;C:\Users\Marius\.m2\repository\io\quarkus\quarkus-jsonp-deployment\1.3.2.Final\quarkus-jsonp-deployment-1.3.2.Final.jar;C:\Users\Marius\.m2\repository\org\jboss\jandex\2.1.3.Final\jandex-2.1.3.Final.jar;C:\Users\Marius\.m2\repository\org\junit\jupiter\junit-jupiter\5.6.0\junit-jupiter-5.6.0.jar;C:\Users\Marius\.m2\repository\org\junit\jupiter\junit-jupiter-api\5.6.0\junit-jupiter-api-5.6.0.jar;C:\Users\Marius\.m2\repository\org\apiguardian\apiguardian-api\1.1.0\apiguardian-api-1.1.0.jar;C:\Users\Marius\.m2\repository\org\opentest4j\opentest4j\1.2.0\opentest4j-1.2.0.jar;C:\Users\Marius\.m2\repository\org\junit\platform\junit-platform-commons\1.6.0\junit-platform-commons-1.6.0.jar;C:\Users\Marius\.m2\repository\org\junit\jupiter\junit-jupiter-params\5.6.0\junit-jupiter-params-5.6.0.jar;C:\Users\Marius\.m2\repository\org\junit\jupiter\junit-jupiter-engine\5.6.0\junit-jupiter-engine-5.6.0.jar;C:\Users\Marius\.m2\repository\org\junit\platform\junit-platform-engine\1.6.0\junit-platform-engine-1.6.0.jar;C:\Users\Marius\.m2\repository\io\quarkus\quarkus-core\1.3.2.Final\quarkus-core-1.3.2.Final.jar;C:\Users\Marius\.m2\repository\jakarta\annotation\jakarta.annotation-api\1.3.5\jakarta.annotation-api-1.3.5.jar;C:\Users\Marius\.m2\repository\jakarta\inject\jakarta.inject-api\1.0\jakarta.inject-api-1.0.jar;C:\Users\Marius\.m2\repository\io\smallrye\config\smallrye-config\1.7.0\smallrye-config-1.7.0.jar;C:\Users\Marius\.m2\repository\io\smallrye\config\smallrye-config-common\1.7.0\smallrye-config-common-1.7.0.jar;C:\Users\Marius\.m2\repository\org\jboss\logmanager\jboss-logmanager-embedded\1.0.4\jboss-logmanager-embedded-1.0.4.jar;C:\Users\Marius\.m2\repository\org\jboss\logging\jboss-logging-annotations\2.1.0.Final\jboss-logging-annotations-2.1.0.Final.jar;C:\Users\Marius\.m2\repository\org\jboss\threads\jboss-threads\3.0.1.Final\jboss-threads-3.0.1.Final.jar;C:\Users\Marius\.m2\repository\org\slf4j\slf4j-api\1.7.29\slf4j-api-1.7.29.jar;C:\Users\Marius\.m2\repository\org\jboss\slf4j\slf4j-jboss-logging\1.2.0.Final\slf4j-jboss-logging-1.2.0.Final.jar;C:\Users\Marius\.m2\repository\org\graalvm\sdk\graal-sdk\19.3.1\graal-sdk-19.3.1.jar;C:\Users\Marius\.m2\repository\org\wildfly\common\wildfly-common\1.5.4.Final-format-001\wildfly-common-1.5.4.Final-format-001.jar;C:\Users\Marius\.m2\repository\io\rest-assured\rest-assured\4.3.0\rest-assured-4.3.0.jar;C:\Users\Marius\.m2\repository\org\codehaus\groovy\groovy\3.0.2\groovy-3.0.2.jar;C:\Users\Marius\.m2\repository\org\codehaus\groovy\groovy-xml\3.0.2\groovy-xml-3.0.2.jar;C:\Users\Marius\.m2\repository\org\apache\httpcomponents\httpclient\4.5.11\httpclient-4.5.11.jar;C:\Users\Marius\.m2\repository\org\apache\httpcomponents\httpcore\4.4.13\httpcore-4.4.13.jar;C:\Users\Marius\.m2\repository\commons-codec\commons-codec\1.13\commons-codec-1.13.jar;C:\Users\Marius\.m2\repository\org\apache\httpcomponents\httpmime\4.5.3\httpmime-4.5.3.jar;C:\Users\Marius\.m2\repository\org\hamcrest\hamcrest\2.1\hamcrest-2.1.jar;C:\Users\Marius\.m2\repository\org\ccil\cowan\tagsoup\tagsoup\1.2.1\tagsoup-1.2.1.jar;C:\Users\Marius\.m2\repository\io\rest-assured\json-path\4.3.0\json-path-4.3.0.jar;C:\Users\Marius\.m2\repository\org\codehaus\groovy\groovy-json\3.0.2\groovy-json-3.0.2.jar;C:\Users\Marius\.m2\repository\io\rest-assured\rest-assured-common\4.3.0\rest-assured-common-4.3.0.jar;C:\Users\Marius\.m2\repository\io\rest-assured\xml-path\4.3.0\xml-path-4.3.0.jar;C:\Users\Marius\.m2\repository\org\apache\commons\commons-lang3\3.9\commons-lang3-3.9.jar;C:\Users\Marius\.m2\repository\jakarta\xml\bind\jakarta.xml.bind-api\2.3.2\jakarta.xml.bind-api-2.3.2.jar;C:\Users\Marius\.m2\repository\jakarta\activation\jakarta.activation-api\1.2.1\jakarta.activation-api-1.2.1.jar;C:\Users\Marius\.m2\repository\org\apache\sling\org.apache.sling.javax.activation\0.1.0\org.apache.sling.javax.activation-0.1.0.jar;C:\Users\Marius\.m2\repository\io\quarkus\quarkus-resteasy-jsonb\1.3.2.Final\quarkus-resteasy-jsonb-1.3.2.Final.jar;C:\Users\Marius\.m2\repository\io\quarkus\quarkus-jsonb\1.3.2.Final\quarkus-jsonb-1.3.2.Final.jar;C:\Users\Marius\.m2\repository\org\eclipse\yasson\1.0.6\yasson-1.0.6.jar;C:\Users\Marius\.m2\repository\io\quarkus\quarkus-jsonp\1.3.2.Final\quarkus-jsonp-1.3.2.Final.jar;C:\Users\Marius\.m2\repository\org\jboss\resteasy\resteasy-json-binding-provider\4.5.3.Final\resteasy-json-binding-provider-4.5.3.Final.jar;C:\Users\Marius\.m2\repository\org\glassfish\jakarta.json\1.1.6\jakarta.json-1.1.6.jar;C:\Users\Marius\.m2\repository\jakarta\json\bind\jakarta.json.bind-api\1.0.2\jakarta.json.bind-api-1.0.2.jar;C:\Users\Marius\.m2\repository\org\jboss\resteasy\resteasy-json-p-provider\4.5.3.Final\resteasy-json-p-provider-4.5.3.Final.jar;C:\Users\Marius\.m2\repository\commons-io\commons-io\2.6\commons-io-2.6.jar;"/>
    <property name="java.vm.vendor" value="Oracle Corporation"/>
    <property name="sun.arch.data.model" value="64"/>
    <property name="user.variant" value=""/>
    <property name="java.vendor.url" value="https://openjdk.java.net/"/>
    <property name="user.timezone" value="Europe/Helsinki"/>
    <property name="java.vm.specification.version" value="11"/>
    <property name="os.name" value="Windows 10"/>
    <property name="sun.java.launcher" value="SUN_STANDARD"/>
    <property name="user.country" value="US"/>
    <property name="sun.boot.library.path" value="C:\Program Files\Java\jdk-11.0.7\bin"/>
    <property name="sun.java.command" value="C:\Users\Marius\AppData\Local\Temp\surefire16514400202144795210\surefirebooter2465883426707263520.jar C:\Users\Marius\AppData\Local\Temp\surefire16514400202144795210 2020-04-25T08-21-18_155-jvmRun1 surefire18102500436457158170tmp surefire_04480127272222402536tmp"/>
    <property name="jdk.debug" value="release"/>
    <property name="surefire.test.class.path" value="C:\Users\Marius\Desktop\teachers_api\target\test-classes;C:\Users\Marius\Desktop\teachers_api\target\classes;C:\Users\Marius\.m2\repository\io\quarkus\quarkus-resteasy\1.3.2.Final\quarkus-resteasy-1.3.2.Final.jar;C:\Users\Marius\.m2\repository\io\quarkus\quarkus-vertx-http\1.3.2.Final\quarkus-vertx-http-1.3.2.Final.jar;C:\Users\Marius\.m2\repository\io\quarkus\quarkus-development-mode-spi\1.3.2.Final\quarkus-development-mode-spi-1.3.2.Final.jar;C:\Users\Marius\.m2\repository\io\quarkus\security\quarkus-security\1.0.1.Final\quarkus-security-1.0.1.Final.jar;C:\Users\Marius\.m2\repository\jakarta\enterprise\jakarta.enterprise.cdi-api\2.0.2\jakarta.enterprise.cdi-api-2.0.2.jar;C:\Users\Marius\.m2\repository\jakarta\el\jakarta.el-api\3.0.3\jakarta.el-api-3.0.3.jar;C:\Users\Marius\.m2\repository\jakarta\interceptor\jakarta.interceptor-api\1.2.5\jakarta.interceptor-api-1.2.5.jar;C:\Users\Marius\.m2\repository\io\quarkus\quarkus-vertx-core\1.3.2.Final\quarkus-vertx-core-1.3.2.Final.jar;C:\Users\Marius\.m2\repository\io\quarkus\quarkus-netty\1.3.2.Final\quarkus-netty-1.3.2.Final.jar;C:\Users\Marius\.m2\repository\io\netty\netty-codec\4.1.45.Final\netty-codec-4.1.45.Final.jar;C:\Users\Marius\.m2\repository\io\netty\netty-handler\4.1.45.Final\netty-handler-4.1.45.Final.jar;C:\Users\Marius\.m2\repository\io\vertx\vertx-core\3.8.5\vertx-core-3.8.5.jar;C:\Users\Marius\.m2\repository\io\netty\netty-common\4.1.45.Final\netty-common-4.1.45.Final.jar;C:\Users\Marius\.m2\repository\io\netty\netty-buffer\4.1.45.Final\netty-buffer-4.1.45.Final.jar;C:\Users\Marius\.m2\repository\io\netty\netty-transport\4.1.45.Final\netty-transport-4.1.45.Final.jar;C:\Users\Marius\.m2\repository\io\netty\netty-handler-proxy\4.1.45.Final\netty-handler-proxy-4.1.45.Final.jar;C:\Users\Marius\.m2\repository\io\netty\netty-codec-socks\4.1.45.Final\netty-codec-socks-4.1.45.Final.jar;C:\Users\Marius\.m2\repository\io\netty\netty-codec-http\4.1.45.Final\netty-codec-http-4.1.45.Final.jar;C:\Users\Marius\.m2\repository\io\netty\netty-codec-http2\4.1.45.Final\netty-codec-http2-4.1.45.Final.jar;C:\Users\Marius\.m2\repository\io\netty\netty-resolver\4.1.45.Final\netty-resolver-4.1.45.Final.jar;C:\Users\Marius\.m2\repository\io\netty\netty-resolver-dns\4.1.45.Final\netty-resolver-dns-4.1.45.Final.jar;C:\Users\Marius\.m2\repository\io\netty\netty-codec-dns\4.1.45.Final\netty-codec-dns-4.1.45.Final.jar;C:\Users\Marius\.m2\repository\com\fasterxml\jackson\core\jackson-core\2.10.2\jackson-core-2.10.2.jar;C:\Users\Marius\.m2\repository\io\vertx\vertx-web\3.8.5\vertx-web-3.8.5.jar;C:\Users\Marius\.m2\repository\io\vertx\vertx-web-common\3.8.5\vertx-web-common-3.8.5.jar;C:\Users\Marius\.m2\repository\io\vertx\vertx-auth-common\3.8.5\vertx-auth-common-3.8.5.jar;C:\Users\Marius\.m2\repository\io\vertx\vertx-bridge-common\3.8.5\vertx-bridge-common-3.8.5.jar;C:\Users\Marius\.m2\repository\io\quarkus\quarkus-resteasy-server-common\1.3.2.Final\quarkus-resteasy-server-common-1.3.2.Final.jar;C:\Users\Marius\.m2\repository\io\quarkus\quarkus-arc\1.3.2.Final\quarkus-arc-1.3.2.Final.jar;C:\Users\Marius\.m2\repository\io\quarkus\arc\arc\1.3.2.Final\arc-1.3.2.Final.jar;C:\Users\Marius\.m2\repository\jakarta\transaction\jakarta.transaction-api\1.3.3\jakarta.transaction-api-1.3.3.jar;C:\Users\Marius\.m2\repository\org\eclipse\microprofile\context-propagation\microprofile-context-propagation-api\1.0.1\microprofile-context-propagation-api-1.0.1.jar;C:\Users\Marius\.m2\repository\io\quarkus\quarkus-resteasy-common\1.3.2.Final\quarkus-resteasy-common-1.3.2.Final.jar;C:\Users\Marius\.m2\repository\org\jboss\resteasy\resteasy-core\4.5.3.Final\resteasy-core-4.5.3.Final.jar;C:\Users\Marius\.m2\repository\org\jboss\spec\javax\ws\rs\jboss-jaxrs-api_2.1_spec\2.0.1.Final\jboss-jaxrs-api_2.1_spec-2.0.1.Final.jar;C:\Users\Marius\.m2\repository\org\jboss\spec\javax\xml\bind\jboss-jaxb-api_2.3_spec\2.0.0.Final\jboss-jaxb-api_2.3_spec-2.0.0.Final.jar;C:\Users\Marius\.m2\repository\org\jboss\resteasy\resteasy-core-spi\4.5.3.Final\resteasy-core-spi-4.5.3.Final.jar;C:\Users\Marius\.m2\repository\org\reactivestreams\reactive-streams\1.0.3\reactive-streams-1.0.3.jar;C:\Users\Marius\.m2\repository\org\eclipse\microprofile\config\microprofile-config-api\1.4\microprofile-config-api-1.4.jar;C:\Users\Marius\.m2\repository\com\sun\activation\jakarta.activation\1.2.1\jakarta.activation-1.2.1.jar;C:\Users\Marius\.m2\repository\jakarta\validation\jakarta.validation-api\2.0.2\jakarta.validation-api-2.0.2.jar;C:\Users\Marius\.m2\repository\io\quarkus\quarkus-junit5\1.3.2.Final\quarkus-junit5-1.3.2.Final.jar;C:\Users\Marius\.m2\repository\io\quarkus\quarkus-bootstrap-core\1.3.2.Final\quarkus-bootstrap-core-1.3.2.Final.jar;C:\Users\Marius\.m2\repository\org\ow2\asm\asm\7.3.1\asm-7.3.1.jar;C:\Users\Marius\.m2\repository\org\apache\maven\maven-embedder\3.6.3\maven-embedder-3.6.3.jar;C:\Users\Marius\.m2\repository\org\apache\maven\maven-settings\3.6.3\maven-settings-3.6.3.jar;C:\Users\Marius\.m2\repository\org\apache\maven\maven-core\3.6.3\maven-core-3.6.3.jar;C:\Users\Marius\.m2\repository\org\apache\maven\maven-artifact\3.6.3\maven-artifact-3.6.3.jar;C:\Users\Marius\.m2\repository\org\codehaus\plexus\plexus-component-annotations\2.1.0\plexus-component-annotations-2.1.0.jar;C:\Users\Marius\.m2\repository\org\apache\maven\maven-plugin-api\3.6.3\maven-plugin-api-3.6.3.jar;C:\Users\Marius\.m2\repository\org\apache\maven\maven-model\3.6.3\maven-model-3.6.3.jar;C:\Users\Marius\.m2\repository\org\apache\maven\maven-model-builder\3.6.3\maven-model-builder-3.6.3.jar;C:\Users\Marius\.m2\repository\org\apache\maven\maven-builder-support\3.6.3\maven-builder-support-3.6.3.jar;C:\Users\Marius\.m2\repository\org\apache\maven\resolver\maven-resolver-api\1.4.1\maven-resolver-api-1.4.1.jar;C:\Users\Marius\.m2\repository\org\apache\maven\resolver\maven-resolver-util\1.4.1\maven-resolver-util-1.4.1.jar;C:\Users\Marius\.m2\repository\org\apache\maven\shared\maven-shared-utils\3.2.1\maven-shared-utils-3.2.1.jar;C:\Users\Marius\.m2\repository\com\google\inject\guice\4.2.1\guice-4.2.1-no_aop.jar;C:\Users\Marius\.m2\repository\com\google\guava\guava\27.0.1-jre\guava-27.0.1-jre.jar;C:\Users\Marius\.m2\repository\com\google\guava\failureaccess\1.0.1\failureaccess-1.0.1.jar;C:\Users\Marius\.m2\repository\com\google\guava\listenablefuture\9999.0-empty-to-avoid-conflict-with-guava\listenablefuture-9999.0-empty-to-avoid-conflict-with-guava.jar;C:\Users\Marius\.m2\repository\org\codehaus\plexus\plexus-utils\3.2.1\plexus-utils-3.2.1.jar;C:\Users\Marius\.m2\repository\org\eclipse\sisu\org.eclipse.sisu.plexus\0.3.4\org.eclipse.sisu.plexus-0.3.4.jar;C:\Users\Marius\.m2\repository\commons-cli\commons-cli\1.4\commons-cli-1.4.jar;C:\Users\Marius\.m2\repository\org\apache\maven\maven-settings-builder\3.6.3\maven-settings-builder-3.6.3.jar;C:\Users\Marius\.m2\repository\org\codehaus\plexus\plexus-interpolation\1.25\plexus-interpolation-1.25.jar;C:\Users\Marius\.m2\repository\org\sonatype\plexus\plexus-sec-dispatcher\1.4\plexus-sec-dispatcher-1.4.jar;C:\Users\Marius\.m2\repository\org\sonatype\plexus\plexus-cipher\1.4\plexus-cipher-1.4.jar;C:\Users\Marius\.m2\repository\org\apache\maven\maven-resolver-provider\3.6.3\maven-resolver-provider-3.6.3.jar;C:\Users\Marius\.m2\repository\org\apache\maven\maven-repository-metadata\3.6.3\maven-repository-metadata-3.6.3.jar;C:\Users\Marius\.m2\repository\org\apache\maven\resolver\maven-resolver-spi\1.4.1\maven-resolver-spi-1.4.1.jar;C:\Users\Marius\.m2\repository\org\apache\maven\resolver\maven-resolver-impl\1.4.1\maven-resolver-impl-1.4.1.jar;C:\Users\Marius\.m2\repository\org\apache\maven\resolver\maven-resolver-connector-basic\1.4.1\maven-resolver-connector-basic-1.4.1.jar;C:\Users\Marius\.m2\repository\org\apache\maven\resolver\maven-resolver-transport-wagon\1.4.1\maven-resolver-transport-wagon-1.4.1.jar;C:\Users\Marius\.m2\repository\org\apache\maven\wagon\wagon-http\3.3.4\wagon-http-3.3.4.jar;C:\Users\Marius\.m2\repository\org\apache\maven\wagon\wagon-http-shared\3.3.4\wagon-http-shared-3.3.4.jar;C:\Users\Marius\.m2\repository\org\jsoup\jsoup\1.12.1\jsoup-1.12.1.jar;C:\Users\Marius\.m2\repository\org\apache\maven\wagon\wagon-provider-api\3.3.4\wagon-provider-api-3.3.4.jar;C:\Users\Marius\.m2\repository\org\apache\maven\wagon\wagon-file\3.3.4\wagon-file-3.3.4.jar;C:\Users\Marius\.m2\repository\org\jboss\logging\jboss-logging\3.3.2.Final\jboss-logging-3.3.2.Final.jar;C:\Users\Marius\.m2\repository\org\jboss\logging\commons-logging-jboss-logging\1.0.0.Final\commons-logging-jboss-logging-1.0.0.Final.jar;C:\Users\Marius\.m2\repository\io\quarkus\quarkus-test-common\1.3.2.Final\quarkus-test-common-1.3.2.Final.jar;C:\Users\Marius\.m2\repository\io\quarkus\quarkus-core-deployment\1.3.2.Final\quarkus-core-deployment-1.3.2.Final.jar;C:\Users\Marius\.m2\repository\io\quarkus\gizmo\gizmo\1.0.2.Final\gizmo-1.0.2.Final.jar;C:\Users\Marius\.m2\repository\org\ow2\asm\asm-util\7.3.1\asm-util-7.3.1.jar;C:\Users\Marius\.m2\repository\org\ow2\asm\asm-tree\7.3.1\asm-tree-7.3.1.jar;C:\Users\Marius\.m2\repository\org\ow2\asm\asm-analysis\7.3.1\asm-analysis-7.3.1.jar;C:\Users\Marius\.m2\repository\io\quarkus\quarkus-builder\1.3.2.Final\quarkus-builder-1.3.2.Final.jar;C:\Users\Marius\.m2\repository\io\quarkus\quarkus-jsonp-deployment\1.3.2.Final\quarkus-jsonp-deployment-1.3.2.Final.jar;C:\Users\Marius\.m2\repository\org\jboss\jandex\2.1.3.Final\jandex-2.1.3.Final.jar;C:\Users\Marius\.m2\repository\org\junit\jupiter\junit-jupiter\5.6.0\junit-jupiter-5.6.0.jar;C:\Users\Marius\.m2\repository\org\junit\jupiter\junit-jupiter-api\5.6.0\junit-jupiter-api-5.6.0.jar;C:\Users\Marius\.m2\repository\org\apiguardian\apiguardian-api\1.1.0\apiguardian-api-1.1.0.jar;C:\Users\Marius\.m2\repository\org\opentest4j\opentest4j\1.2.0\opentest4j-1.2.0.jar;C:\Users\Marius\.m2\repository\org\junit\platform\junit-platform-commons\1.6.0\junit-platform-commons-1.6.0.jar;C:\Users\Marius\.m2\repository\org\junit\jupiter\junit-jupiter-params\5.6.0\junit-jupiter-params-5.6.0.jar;C:\Users\Marius\.m2\repository\org\junit\jupiter\junit-jupiter-engine\5.6.0\junit-jupiter-engine-5.6.0.jar;C:\Users\Marius\.m2\repository\org\junit\platform\junit-platform-engine\1.6.0\junit-platform-engine-1.6.0.jar;C:\Users\Marius\.m2\repository\io\quarkus\quarkus-core\1.3.2.Final\quarkus-core-1.3.2.Final.jar;C:\Users\Marius\.m2\repository\jakarta\annotation\jakarta.annotation-api\1.3.5\jakarta.annotation-api-1.3.5.jar;C:\Users\Marius\.m2\repository\jakarta\inject\jakarta.inject-api\1.0\jakarta.inject-api-1.0.jar;C:\Users\Marius\.m2\repository\io\smallrye\config\smallrye-config\1.7.0\smallrye-config-1.7.0.jar;C:\Users\Marius\.m2\repository\io\smallrye\config\smallrye-config-common\1.7.0\smallrye-config-common-1.7.0.jar;C:\Users\Marius\.m2\repository\org\jboss\logmanager\jboss-logmanager-embedded\1.0.4\jboss-logmanager-embedded-1.0.4.jar;C:\Users\Marius\.m2\repository\org\jboss\logging\jboss-logging-annotations\2.1.0.Final\jboss-logging-annotations-2.1.0.Final.jar;C:\Users\Marius\.m2\repository\org\jboss\threads\jboss-threads\3.0.1.Final\jboss-threads-3.0.1.Final.jar;C:\Users\Marius\.m2\repository\org\slf4j\slf4j-api\1.7.29\slf4j-api-1.7.29.jar;C:\Users\Marius\.m2\repository\org\jboss\slf4j\slf4j-jboss-logging\1.2.0.Final\slf4j-jboss-logging-1.2.0.Final.jar;C:\Users\Marius\.m2\repository\org\graalvm\sdk\graal-sdk\19.3.1\graal-sdk-19.3.1.jar;C:\Users\Marius\.m2\repository\org\wildfly\common\wildfly-common\1.5.4.Final-format-001\wildfly-common-1.5.4.Final-format-001.jar;C:\Users\Marius\.m2\repository\io\rest-assured\rest-assured\4.3.0\rest-assured-4.3.0.jar;C:\Users\Marius\.m2\repository\org\codehaus\groovy\groovy\3.0.2\groovy-3.0.2.jar;C:\Users\Marius\.m2\repository\org\codehaus\groovy\groovy-xml\3.0.2\groovy-xml-3.0.2.jar;C:\Users\Marius\.m2\repository\org\apache\httpcomponents\httpclient\4.5.11\httpclient-4.5.11.jar;C:\Users\Marius\.m2\repository\org\apache\httpcomponents\httpcore\4.4.13\httpcore-4.4.13.jar;C:\Users\Marius\.m2\repository\commons-codec\commons-codec\1.13\commons-codec-1.13.jar;C:\Users\Marius\.m2\repository\org\apache\httpcomponents\httpmime\4.5.3\httpmime-4.5.3.jar;C:\Users\Marius\.m2\repository\org\hamcrest\hamcrest\2.1\hamcrest-2.1.jar;C:\Users\Marius\.m2\repository\org\ccil\cowan\tagsoup\tagsoup\1.2.1\tagsoup-1.2.1.jar;C:\Users\Marius\.m2\repository\io\rest-assured\json-path\4.3.0\json-path-4.3.0.jar;C:\Users\Marius\.m2\repository\org\codehaus\groovy\groovy-json\3.0.2\groovy-json-3.0.2.jar;C:\Users\Marius\.m2\repository\io\rest-assured\rest-assured-common\4.3.0\rest-assured-common-4.3.0.jar;C:\Users\Marius\.m2\repository\io\rest-assured\xml-path\4.3.0\xml-path-4.3.0.jar;C:\Users\Marius\.m2\repository\org\apache\commons\commons-lang3\3.9\commons-lang3-3.9.jar;C:\Users\Marius\.m2\repository\jakarta\xml\bind\jakarta.xml.bind-api\2.3.2\jakarta.xml.bind-api-2.3.2.jar;C:\Users\Marius\.m2\repository\jakarta\activation\jakarta.activation-api\1.2.1\jakarta.activation-api-1.2.1.jar;C:\Users\Marius\.m2\repository\org\apache\sling\org.apache.sling.javax.activation\0.1.0\org.apache.sling.javax.activation-0.1.0.jar;C:\Users\Marius\.m2\repository\io\quarkus\quarkus-resteasy-jsonb\1.3.2.Final\quarkus-resteasy-jsonb-1.3.2.Final.jar;C:\Users\Marius\.m2\repository\io\quarkus\quarkus-jsonb\1.3.2.Final\quarkus-jsonb-1.3.2.Final.jar;C:\Users\Marius\.m2\repository\org\eclipse\yasson\1.0.6\yasson-1.0.6.jar;C:\Users\Marius\.m2\repository\io\quarkus\quarkus-jsonp\1.3.2.Final\quarkus-jsonp-1.3.2.Final.jar;C:\Users\Marius\.m2\repository\org\jboss\resteasy\resteasy-json-binding-provider\4.5.3.Final\resteasy-json-binding-provider-4.5.3.Final.jar;C:\Users\Marius\.m2\repository\org\glassfish\jakarta.json\1.1.6\jakarta.json-1.1.6.jar;C:\Users\Marius\.m2\repository\jakarta\json\bind\jakarta.json.bind-api\1.0.2\jakarta.json.bind-api-1.0.2.jar;C:\Users\Marius\.m2\repository\org\jboss\resteasy\resteasy-json-p-provider\4.5.3.Final\resteasy-json-p-provider-4.5.3.Final.jar;C:\Users\Marius\.m2\repository\commons-io\commons-io\2.6\commons-io-2.6.jar;"/>
    <property name="sun.cpu.endian" value="little"/>
    <property name="user.home" value="C:\Users\Marius"/>
    <property name="user.language" value="en"/>
    <property name="java.specification.vendor" value="Oracle Corporation"/>
    <property name="java.version.date" value="2020-04-14"/>
    <property name="java.home" value="C:\Program Files\Java\jdk-11.0.7"/>
    <property name="file.separator" value="\"/>
    <property name="basedir" value="C:\Users\Marius\Desktop\teachers_api"/>
    <property name="java.vm.compressedOopsMode" value="Zero based"/>
    <property name="line.separator" value="&#10;"/>
    <property name="java.specification.name" value="Java Platform API Specification"/>
    <property name="java.vm.specification.vendor" value="Oracle Corporation"/>
    <property name="java.awt.graphicsenv" value="sun.awt.Win32GraphicsEnvironment"/>
    <property name="surefire.real.class.path" value="C:\Users\Marius\AppData\Local\Temp\surefire16514400202144795210\surefirebooter2465883426707263520.jar"/>
    <property name="user.script" value=""/>
    <property name="sun.management.compiler" value="HotSpot 64-Bit Tiered Compilers"/>
    <property name="java.runtime.version" value="11.0.7+8-LTS"/>
    <property name="user.name" value="Marius"/>
    <property name="path.separator" value=";"/>
    <property name="os.version" value="10.0"/>
    <property name="java.runtime.name" value="Java(TM) SE Runtime Environment"/>
    <property name="file.encoding" value="Cp1252"/>
    <property name="java.vm.name" value="Java HotSpot(TM) 64-Bit Server VM"/>
    <property name="java.vendor.version" value="18.9"/>
    <property name="localRepository" value="C:\Users\Marius\.m2\repository"/>
    <property name="java.vendor.url.bug" value="https://bugreport.java.com/bugreport/"/>
    <property name="java.io.tmpdir" value="C:\Users\Marius\AppData\Local\Temp\"/>
    <property name="java.version" value="11.0.7"/>
    <property name="user.dir" value="C:\Users\Marius\Desktop\teachers_api"/>
    <property name="os.arch" value="amd64"/>
    <property name="java.vm.specification.name" value="Java Virtual Machine Specification"/>
    <property name="java.awt.printerjob" value="sun.awt.windows.WPrinterJob"/>
    <property name="sun.os.patch.level" value=""/>
    <property name="java.util.logging.manager" value="org.jboss.logmanager.LogManager"/>
    <property name="java.library.path" value="C:\Program Files\Java\jdk-11.0.7\bin;C:\WINDOWS\Sun\Java\bin;C:\WINDOWS\system32;C:\WINDOWS;C:\Python38\Scripts\;C:\Python38\;C:\Python27\;C:\Python27\Scripts;C:\Program Files\Java\jdk-11.0.7\bin;C:\Program Files (x86)\Razer Chroma SDK\bin;C:\Program Files\Razer Chroma SDK\bin;C:\Program Files (x86)\Razer\ChromaBroadcast\bin;C:\Program Files\Razer\ChromaBroadcast\bin;C:\Program Files (x86)\Intel\iCLS Client\;C:\Program Files\Intel\iCLS Client\;C:\Windows\system32;C:\Windows;C:\Windows\System32\Wbem;C:\Windows\System32\WindowsPowerShell\v1.0\;C:\Windows\System32\OpenSSH\;C:\Program Files (x86)\Intel\Intel(R) Management Engine Components\DAL;C:\Program Files\Intel\Intel(R) Management Engine Components\DAL;C:\Program Files (x86)\Intel\Intel(R) Management Engine Components\IPT;C:\Program Files\Intel\Intel(R) Management Engine Components\IPT;C:\Program Files\Git\cmd;C:\Windows\system32\config\systemprofile\AppData\Local\Microsoft\WindowsApps;C:\Program Files\Intel\WiFi\bin\;C:\Program Files\Common Files\Intel\WirelessCommon\;C:\Program Files\NVIDIA Corporation\NVIDIA NvDLISR;C:\Program Files (x86)\bin\;C:\WINDOWS;C:\WINDOWS\System32\Wbem;C:\WINDOWS\System32\WindowsPowerShell\v1.0\;C:\WINDOWS\System32\OpenSSH\;C:\Program Files\dotnet\;C:\Program Files\Microsoft SQL Server\130\Tools\Binn\;C:\Program Files\Microsoft SQL Server\Client SDK\ODBC\170\Tools\Binn\;C:\Program Files (x86)\NVIDIA Corporation\PhysX\Common;C:\Program Files (x86)\Windows Kits\10\Windows Performance Toolkit\;C:\Users\Marius\AppData\Roaming\Python\Python37\Scripts;C:\ProgramData\chocolatey\bin;C:\Program Files\nodejs\;C:\Program Files\Docker\Docker\resources\bin;C:\ProgramData\DockerDesktop\version-bin;C:\Users\Marius\Desktop\projects\Python\spywareProject\venv\Scripts;C:\Program Files\Docker\Docker\Resources\bin;C:\Program Files\NVIDIA Corporat;C:\Users\Marius\AppData\Roaming\npm;."/>
    <property name="java.vendor" value="Oracle Corporation"/>
    <property name="java.vm.info" value="mixed mode"/>
    <property name="java.vm.version" value="11.0.7+8-LTS"/>
    <property name="sun.io.unicode.encoding" value="UnicodeLittle"/>
    <property name="java.class.version" value="55.0"/>
  </properties>
  <testcase name="testHelloEndpoint" classname="teachers.TeacherResourceTest" time="3.526">
    <failure message="1 expectation failed.&#10;Response body doesn&apos;t match expectation.&#10;Expected: is &quot;hello&quot;&#10;  Actual: [{&quot;id&quot;:&quot;https://vikoeif.edupage.org/timetable/view.php?teacher=-1096&quot;,&quot;short&quot;:&quot;doc. R. Tumasonis&quot;},{&quot;id&quot;:&quot;https://vikoeif.edupage.org/timetable/view.php?teacher=-1095&quot;,&quot;short&quot;:&quot;Lekt. M. Motiejūnė&quot;},{&quot;id&quot;:&quot;https://vikoeif.edupage.org/timetable/view.php?teacher=-999&quot;,&quot;short&quot;:&quot;Lekt. A. Danilevičiūtė&quot;},{&quot;id&quot;:&quot;https://vikoeif.edupage.org/timetable/view.php?teacher=-1010&quot;,&quot;short&quot;:&quot;Lekt. A. Kirdeikienė&quot;},{&quot;id&quot;:&quot;https://vikoeif.edupage.org/timetable/view.php?teacher=-1014&quot;,&quot;short&quot;:&quot;Doc. A. Kozič&quot;},{&quot;id&quot;:&quot;https://vikoeif.edupage.org/timetable/view.php?teacher=-1024&quot;,&quot;short&quot;:&quot;Doc. A. Lučun&quot;},{&quot;id&quot;:&quot;https://vikoeif.edupage.org/timetable/view.php?teacher=-1032&quot;,&quot;short&quot;:&quot;Lekt. A. Morkūnienė&quot;},{&quot;id&quot;:&quot;https://vikoeif.edupage.org/timetable/view.php?teacher=-1035&quot;,&quot;short&quot;:&quot;Lekt. A. Netikšienė&quot;},{&quot;id&quot;:&quot;https://vikoeif.edupage.org/timetable/view.php?teacher=-1042&quot;,&quot;short&quot;:&quot;Lekt. A. Savickaitė&quot;},{&quot;id&quot;:&quot;https://vikoeif.edupage.org/timetable/view.php?teacher=-1044&quot;,&quot;short&quot;:&quot;Lekt. A. Slimanavičienė&quot;},{&quot;id&quot;:&quot;https://vikoeif.edupage.org/timetable/view.php?teacher=-1055&quot;,&quot;short&quot;:&quot;Doc. A. Žemgulis&quot;},{&quot;id&quot;:&quot;https://vikoeif.edupage.org/timetable/view.php?teacher=-1061&quot;,&quot;short&quot;:&quot;Asist. T. Kasperavičius&quot;},{&quot;id&quot;:&quot;https://vikoeif.edupage.org/timetable/view.php?teacher=-1072&quot;,&quot;short&quot;:&quot;Lekt. D. Matusevičus&quot;},{&quot;id&quot;:&quot;https://vikoeif.edupage.org/timetable/view.php?teacher=-1073&quot;,&quot;short&quot;:&quot;Lekt. D. Neverbickaitė&quot;},{&quot;id&quot;:&quot;https://vikoeif.edupage.org/timetable/view.php?teacher=-1043&quot;,&quot;short&quot;:&quot;Lekt. D. Savulionis&quot;},{&quot;id&quot;:&quot;https://vikoeif.edupage.org/timetable/view.php?teacher=-1074&quot;,&quot;short&quot;:&quot;Doc. B. Pliuskuvienė&quot;},{&quot;id&quot;:&quot;https://vikoeif.edupage.org/timetable/view.php?teacher=-1058&quot;,&quot;short&quot;:&quot;doc. G. Bražiūnas&quot;},{&quot;id&quot;:&quot;https://vikoeif.edupage.org/timetable/view.php?teacher=-1046&quot;,&quot;short&quot;:&quot;Doc. I. Šileikienė&quot;},{&quot;id&quot;:&quot;https://vikoeif.edupage.org/timetable/view.php?teacher=-1075&quot;,&quot;short&quot;:&quot;Doc. N. Pozniak&quot;},{&quot;id&quot;:&quot;https://vikoeif.edupage.org/timetable/view.php?teacher=-1004&quot;,&quot;short&quot;:&quot;Lekt. E. Garla&quot;},{&quot;id&quot;:&quot;https://vikoeif.edupage.org/timetable/view.php?teacher=-1076&quot;,&quot;short&quot;:&quot;Doc. E. Mačerauskas&quot;},{&quot;id&quot;:&quot;https://vikoeif.edupage.org/timetable/view.php?teacher=-1021&quot;,&quot;short&quot;:&quot;Lekt. I. Liušicyna&quot;},{&quot;id&quot;:&quot;https://vikoeif.edupage.org/timetable/view.php?teacher=-998&quot;,&quot;short&quot;:&quot;Lekt. J. Čivilis&quot;},{&quot;id&quot;:&quot;https://vikoeif.edupage.org/timetable/view.php?teacher=-1000&quot;,&quot;short&quot;:&quot;Lekt. J. Daukševič&quot;},{&quot;id&quot;:&quot;https://vikoeif.edupage.org/timetable/view.php?teacher=-1008&quot;,&quot;short&quot;:&quot;Lekt. J. Helsvig&quot;},{&quot;id&quot;:&quot;https://vikoeif.edupage.org/timetable/view.php?teacher=-1063&quot;,&quot;short&quot;:&quot;Lekt. J. Liutvinavičienė&quot;},{&quot;id&quot;:&quot;https://vikoeif.edupage.org/timetable/view.php?teacher=-1026&quot;,&quot;short&quot;:&quot;Lekt. J. Mačėnienė&quot;},{&quot;id&quot;:&quot;https://vikoeif.edupage.org/timetable/view.php?teacher=-1077&quot;,&quot;short&quot;:&quot;Doc. L. Gžegoževskė&quot;},{&quot;id&quot;:&quot;https://vikoeif.edupage.org/timetable/view.php?teacher=-1029&quot;,&quot;short&quot;:&quot;Lekt. L. Mažeiko&quot;},{&quot;id&quot;:&quot;https://vikoeif.edupage.org/timetable/view.php?teacher=-1067&quot;,&quot;short&quot;:&quot;Lekt. dr. A. Usovaitė&quot;},{&quot;id&quot;:&quot;https://vikoeif.edupage.org/timetable/view.php?teacher=-1078&quot;,&quot;short&quot;:&quot;Lekt. dr. T. Butvilas&quot;},{&quot;id&quot;:&quot;https://vikoeif.edupage.org/timetable/view.php?teacher=-1059&quot;,&quot;short&quot;:&quot;Lekt. G. Dmitrijev&quot;},{&quot;id&quot;:&quot;https://vikoeif.edupage.org/timetable/view.php?teacher=-1079&quot;,&quot;short&quot;:&quot;Lekt. G. Mečėjienė&quot;},{&quot;id&quot;:&quot;https://vikoeif.edupage.org/timetable/view.php?teacher=-1080&quot;,&quot;short&quot;:&quot;Lekt. J. Naujalienė&quot;},{&quot;id&quot;:&quot;https://vikoeif.edupage.org/timetable/view.php?teacher=-1081&quot;,&quot;short&quot;:&quot;Lekt. J. Vaičiulytė&quot;},{&quot;id&quot;:&quot;https://vikoeif.edupage.org/timetable/view.php?teacher=-1065&quot;,&quot;short&quot;:&quot;Lekt. J. Vasaitienė&quot;},{&quot;id&quot;:&quot;https://vikoeif.edupage.org/timetable/view.php?teacher=-1086&quot;,&quot;short&quot;:&quot;Lekt. J. Zailskas&quot;},{&quot;id&quot;:&quot;https://vikoeif.edupage.org/timetable/view.php?teacher=-1030&quot;,&quot;short&quot;:&quot;Lekt. K. Mečinskaitė-Stankevič&quot;},{&quot;id&quot;:&quot;https://vikoeif.edupage.org/timetable/view.php?teacher=-1013&quot;,&quot;short&quot;:&quot;Lekt. M. Kiškytė&quot;},{&quot;id&quot;:&quot;https://vikoeif.edupage.org/timetable/view.php?teacher=-1087&quot;,&quot;short&quot;:&quot;Lekt. M. Motiejūnaitė&quot;},{&quot;id&quot;:&quot;https://vikoeif.edupage.org/timetable/view.php?teacher=-1088&quot;,&quot;short&quot;:&quot;Lekt. M. Šapurov&quot;},{&quot;id&quot;:&quot;https://vikoeif.edupage.org/timetable/view.php?teacher=-1089&quot;,&quot;short&quot;:&quot;Lekt. P. Šakalys&quot;},{&quot;id&quot;:&quot;https://vikoeif.edupage.org/timetable/view.php?teacher=-1090&quot;,&quot;short&quot;:&quot;Lekt. R. Trimailovienė&quot;},{&quot;id&quot;:&quot;https://vikoeif.edupage.org/timetable/view.php?teacher=-1091&quot;,&quot;short&quot;:&quot;Lekt. S. Lideikė&quot;},{&quot;id&quot;:&quot;https://vikoeif.edupage.org/timetable/view.php?teacher=-1092&quot;,&quot;short&quot;:&quot;Lekt. S. Volosevičius&quot;},{&quot;id&quot;:&quot;https://vikoeif.edupage.org/timetable/view.php?teacher=-1093&quot;,&quot;short&quot;:&quot;Lekt. T. Silvanavičius&quot;},{&quot;id&quot;:&quot;https://vikoeif.edupage.org/timetable/view.php?teacher=-1094&quot;,&quot;short&quot;:&quot;Lekt. V. Gegužienė&quot;},{&quot;id&quot;:&quot;https://vikoeif.edupage.org/timetable/view.php?teacher=-1085&quot;,&quot;short&quot;:&quot;Lekt. V. Gudžiūnaitė&quot;},{&quot;id&quot;:&quot;https://vikoeif.edupage.org/timetable/view.php?teacher=-1028&quot;,&quot;short&quot;:&quot;Lekt. V. Matutis&quot;},{&quot;id&quot;:&quot;https://vikoeif.edupage.org/timetable/view.php?teacher=-1083&quot;,&quot;short&quot;:&quot;Lekt. V. Valukonis&quot;},{&quot;id&quot;:&quot;https://vikoeif.edupage.org/timetable/view.php?teacher=-992&quot;,&quot;short&quot;:&quot;Lekt. M. Baltramaitienė&quot;},{&quot;id&quot;:&quot;https://vikoeif.edupage.org/timetable/view.php?teacher=-1007&quot;,&quot;short&quot;:&quot;Lekt. M. Gžegoževskis&quot;},{&quot;id&quot;:&quot;https://vikoeif.edupage.org/timetable/view.php?teacher=-1020&quot;,&quot;short&quot;:&quot;Doc. M. Liogys&quot;},{&quot;id&quot;:&quot;https://vikoeif.edupage.org/timetable/view.php?teacher=-1050&quot;,&quot;short&quot;:&quot;Lekt. M. R. Urbonavičius&quot;},{&quot;id&quot;:&quot;https://vikoeif.edupage.org/timetable/view.php?teacher=-1084&quot;,&quot;short&quot;:&quot;Lekt. O. Gibavičienė&quot;},{&quot;id&quot;:&quot;https://vikoeif.edupage.org/timetable/view.php?teacher=-1031&quot;,&quot;short&quot;:&quot;Lekt. R. Mikonienė&quot;},{&quot;id&quot;:&quot;https://vikoeif.edupage.org/timetable/view.php?teacher=-995&quot;,&quot;short&quot;:&quot;Lekt. S. Bučys&quot;},{&quot;id&quot;:&quot;https://vikoeif.edupage.org/timetable/view.php?teacher=-1015&quot;,&quot;short&quot;:&quot;Doc. S. Kubilinskienė&quot;},{&quot;id&quot;:&quot;https://vikoeif.edupage.org/timetable/view.php?teacher=-1018&quot;,&quot;short&quot;:&quot;Lekt. S. Levickienė&quot;},{&quot;id&quot;:&quot;https://vikoeif.edupage.org/timetable/view.php?teacher=-1082&quot;,&quot;short&quot;:&quot;Doc. dr. T. Liogienė&quot;},{&quot;id&quot;:&quot;https://vikoeif.edupage.org/timetable/view.php?teacher=-993&quot;,&quot;short&quot;:&quot;Lekt. V. Baltrūnienė&quot;},{&quot;id&quot;:&quot;https://vikoeif.edupage.org/timetable/view.php?teacher=-1009&quot;,&quot;short&quot;:&quot;Lekt. V. Judickaitė-Žukovskė&quot;},{&quot;id&quot;:&quot;https://vikoeif.edupage.org/timetable/view.php?teacher=-1016&quot;,&quot;short&quot;:&quot;Lekt. V. Kuklierius&quot;},{&quot;id&quot;:&quot;https://vikoeif.edupage.org/timetable/view.php?teacher=-1023&quot;,&quot;short&quot;:&quot;Lekt. V. Liubinas&quot;},{&quot;id&quot;:&quot;https://vikoeif.edupage.org/timetable/view.php?teacher=-1034&quot;,&quot;short&quot;:&quot;Lekt. V. Netikša&quot;}]&#10;" type="java.lang.AssertionError">java.lang.AssertionError: 
1 expectation failed.
Response body doesn't match expectation.
Expected: is "hello"
  Actual: [{"id":"https://vikoeif.edupage.org/timetable/view.php?teacher=-1096","short":"doc. R. Tumasonis"},{"id":"https://vikoeif.edupage.org/timetable/view.php?teacher=-1095","short":"Lekt. M. Motiejūnė"},{"id":"https://vikoeif.edupage.org/timetable/view.php?teacher=-999","short":"Lekt. A. Danilevičiūtė"},{"id":"https://vikoeif.edupage.org/timetable/view.php?teacher=-1010","short":"Lekt. A. Kirdeikienė"},{"id":"https://vikoeif.edupage.org/timetable/view.php?teacher=-1014","short":"Doc. A. Kozič"},{"id":"https://vikoeif.edupage.org/timetable/view.php?teacher=-1024","short":"Doc. A. Lučun"},{"id":"https://vikoeif.edupage.org/timetable/view.php?teacher=-1032","short":"Lekt. A. Morkūnienė"},{"id":"https://vikoeif.edupage.org/timetable/view.php?teacher=-1035","short":"Lekt. A. Netikšienė"},{"id":"https://vikoeif.edupage.org/timetable/view.php?teacher=-1042","short":"Lekt. A. Savickaitė"},{"id":"https://vikoeif.edupage.org/timetable/view.php?teacher=-1044","short":"Lekt. A. Slimanavičienė"},{"id":"https://vikoeif.edupage.org/timetable/view.php?teacher=-1055","short":"Doc. A. Žemgulis"},{"id":"https://vikoeif.edupage.org/timetable/view.php?teacher=-1061","short":"Asist. T. Kasperavičius"},{"id":"https://vikoeif.edupage.org/timetable/view.php?teacher=-1072","short":"Lekt. D. Matusevičus"},{"id":"https://vikoeif.edupage.org/timetable/view.php?teacher=-1073","short":"Lekt. D. Neverbickaitė"},{"id":"https://vikoeif.edupage.org/timetable/view.php?teacher=-1043","short":"Lekt. D. Savulionis"},{"id":"https://vikoeif.edupage.org/timetable/view.php?teacher=-1074","short":"Doc. B. Pliuskuvienė"},{"id":"https://vikoeif.edupage.org/timetable/view.php?teacher=-1058","short":"doc. G. Bražiūnas"},{"id":"https://vikoeif.edupage.org/timetable/view.php?teacher=-1046","short":"Doc. I. Šileikienė"},{"id":"https://vikoeif.edupage.org/timetable/view.php?teacher=-1075","short":"Doc. N. Pozniak"},{"id":"https://vikoeif.edupage.org/timetable/view.php?teacher=-1004","short":"Lekt. E. Garla"},{"id":"https://vikoeif.edupage.org/timetable/view.php?teacher=-1076","short":"Doc. E. Mačerauskas"},{"id":"https://vikoeif.edupage.org/timetable/view.php?teacher=-1021","short":"Lekt. I. Liušicyna"},{"id":"https://vikoeif.edupage.org/timetable/view.php?teacher=-998","short":"Lekt. J. Čivilis"},{"id":"https://vikoeif.edupage.org/timetable/view.php?teacher=-1000","short":"Lekt. J. Daukševič"},{"id":"https://vikoeif.edupage.org/timetable/view.php?teacher=-1008","short":"Lekt. J. Helsvig"},{"id":"https://vikoeif.edupage.org/timetable/view.php?teacher=-1063","short":"Lekt. J. Liutvinavičienė"},{"id":"https://vikoeif.edupage.org/timetable/view.php?teacher=-1026","short":"Lekt. J. Mačėnienė"},{"id":"https://vikoeif.edupage.org/timetable/view.php?teacher=-1077","short":"Doc. L. Gžegoževskė"},{"id":"https://vikoeif.edupage.org/timetable/view.php?teacher=-1029","short":"Lekt. L. Mažeiko"},{"id":"https://vikoeif.edupage.org/timetable/view.php?teacher=-1067","short":"Lekt. dr. A. Usovaitė"},{"id":"https://vikoeif.edupage.org/timetable/view.php?teacher=-1078","short":"Lekt. dr. T. Butvilas"},{"id":"https://vikoeif.edupage.org/timetable/view.php?teacher=-1059","short":"Lekt. G. Dmitrijev"},{"id":"https://vikoeif.edupage.org/timetable/view.php?teacher=-1079","short":"Lekt. G. Mečėjienė"},{"id":"https://vikoeif.edupage.org/timetable/view.php?teacher=-1080","short":"Lekt. J. Naujalienė"},{"id":"https://vikoeif.edupage.org/timetable/view.php?teacher=-1081","short":"Lekt. J. Vaičiulytė"},{"id":"https://vikoeif.edupage.org/timetable/view.php?teacher=-1065","short":"Lekt. J. Vasaitienė"},{"id":"https://vikoeif.edupage.org/timetable/view.php?teacher=-1086","short":"Lekt. J. Zailskas"},{"id":"https://vikoeif.edupage.org/timetable/view.php?teacher=-1030","short":"Lekt. K. Mečinskaitė-Stankevič"},{"id":"https://vikoeif.edupage.org/timetable/view.php?teacher=-1013","short":"Lekt. M. Kiškytė"},{"id":"https://vikoeif.edupage.org/timetable/view.php?teacher=-1087","short":"Lekt. M. Motiejūnaitė"},{"id":"https://vikoeif.edupage.org/timetable/view.php?teacher=-1088","short":"Lekt. M. Šapurov"},{"id":"https://vikoeif.edupage.org/timetable/view.php?teacher=-1089","short":"Lekt. P. Šakalys"},{"id":"https://vikoeif.edupage.org/timetable/view.php?teacher=-1090","short":"Lekt. R. Trimailovienė"},{"id":"https://vikoeif.edupage.org/timetable/view.php?teacher=-1091","short":"Lekt. S. Lideikė"},{"id":"https://vikoeif.edupage.org/timetable/view.php?teacher=-1092","short":"Lekt. S. Volosevičius"},{"id":"https://vikoeif.edupage.org/timetable/view.php?teacher=-1093","short":"Lekt. T. Silvanavičius"},{"id":"https://vikoeif.edupage.org/timetable/view.php?teacher=-1094","short":"Lekt. V. Gegužienė"},{"id":"https://vikoeif.edupage.org/timetable/view.php?teacher=-1085","short":"Lekt. V. Gudžiūnaitė"},{"id":"https://vikoeif.edupage.org/timetable/view.php?teacher=-1028","short":"Lekt. V. Matutis"},{"id":"https://vikoeif.edupage.org/timetable/view.php?teacher=-1083","short":"Lekt. V. Valukonis"},{"id":"https://vikoeif.edupage.org/timetable/view.php?teacher=-992","short":"Lekt. M. Baltramaitienė"},{"id":"https://vikoeif.edupage.org/timetable/view.php?teacher=-1007","short":"Lekt. M. Gžegoževskis"},{"id":"https://vikoeif.edupage.org/timetable/view.php?teacher=-1020","short":"Doc. M. Liogys"},{"id":"https://vikoeif.edupage.org/timetable/view.php?teacher=-1050","short":"Lekt. M. R. Urbonavičius"},{"id":"https://vikoeif.edupage.org/timetable/view.php?teacher=-1084","short":"Lekt. O. Gibavičienė"},{"id":"https://vikoeif.edupage.org/timetable/view.php?teacher=-1031","short":"Lekt. R. Mikonienė"},{"id":"https://vikoeif.edupage.org/timetable/view.php?teacher=-995","short":"Lekt. S. Bučys"},{"id":"https://vikoeif.edupage.org/timetable/view.php?teacher=-1015","short":"Doc. S. Kubilinskienė"},{"id":"https://vikoeif.edupage.org/timetable/view.php?teacher=-1018","short":"Lekt. S. Levickienė"},{"id":"https://vikoeif.edupage.org/timetable/view.php?teacher=-1082","short":"Doc. dr. T. Liogienė"},{"id":"https://vikoeif.edupage.org/timetable/view.php?teacher=-993","short":"Lekt. V. Baltrūnienė"},{"id":"https://vikoeif.edupage.org/timetable/view.php?teacher=-1009","short":"Lekt. V. Judickaitė-Žukovskė"},{"id":"https://vikoeif.edupage.org/timetable/view.php?teacher=-1016","short":"Lekt. V. Kuklierius"},{"id":"https://vikoeif.edupage.org/timetable/view.php?teacher=-1023","short":"Lekt. V. Liubinas"},{"id":"https://vikoeif.edupage.org/timetable/view.php?teacher=-1034","short":"Lekt. V. Netikša"}]

	at teachers.TeacherResourceTest.testHelloEndpoint(TeacherResourceTest.java:18)
</failure>
    <system-out><![CDATA[2020-04-25 08:21:26,477 INFO  [io.quarkus] (main) Quarkus 1.3.2.Final started in 2.241s. Listening on: http://0.0.0.0:8081
2020-04-25 08:21:26,479 INFO  [io.quarkus] (main) Profile test activated. 
2020-04-25 08:21:26,480 INFO  [io.quarkus] (main) Installed features: [cdi, resteasy, resteasy-jsonb]
{"r": {"type": "maindbi","dbid": "2019","tables": [{"id": "teachers","def": {"id": "teachers","name": "D?stytojai","item_name": "D?stytojas (-a)","icon": "\/global\/pics\/ui\/teacher_32.svg","name_cols": ["FSL","LCF","LSF","PFSL","PFSLX","LCFP","LSFP","LSFCP","PLSF"]},"cdefs": [{"id": "short","name": "Santrumpa"},{"id": "cb_hidden","type": "checkbox","name": "nerodyti klas?s žurnale (Kiti darbuotojai, ne mokytojai)"},{"id": "expired","type": "checkbox","name": "expired"}],"data_rows": [{"id": "-1096","short": "doc. R. Tumasonis","cb_hidden": false,"expired": false},{"id": "-1095","short": "Lekt. M. Motiej?n?","cb_hidden": false,"expired": false},{"id": "-999","short": "Lekt. A. Danilevi?i?t?","cb_hidden": false,"expired": false},{"id": "-1010","short": "Lekt. A. Kirdeikien?","cb_hidden": false,"expired": false},{"id": "-1014","short": "Doc. A. Kozi?","cb_hidden": false,"expired": false},{"id": "-1024","short": "Doc. A. Lu?un","cb_hidden": false,"expired": false},{"id": "-1032","short": "Lekt. A. Mork?nien?","cb_hidden": false,"expired": false},{"id": "-1035","short": "Lekt. A. Netikšien?","cb_hidden": false,"expired": false},{"id": "-1042","short": "Lekt. A. Savickait?","cb_hidden": false,"expired": false},{"id": "-1044","short": "Lekt. A. Slimanavi?ien?","cb_hidden": false,"expired": false},{"id": "-1055","short": "Doc. A. Žemgulis","cb_hidden": false,"expired": false},{"id": "-1061","short": "Asist. T. Kasperavi?ius","cb_hidden": false,"expired": false},{"id": "-1072","short": "Lekt. D. Matusevi?us","cb_hidden": false,"expired": false},{"id": "-1073","short": "Lekt. D. Neverbickait?","cb_hidden": false,"expired": false},{"id": "-1043","short": "Lekt. D. Savulionis","cb_hidden": false,"expired": false},{"id": "-1074","short": "Doc. B. Pliuskuvien?","cb_hidden": false,"expired": false},{"id": "-1058","short": "doc. G. Braži?nas","cb_hidden": false,"expired": false},{"id": "-1046","short": "Doc. I. Šileikien?","cb_hidden": false,"expired": false},{"id": "-1075","short": "Doc. N. Pozniak","cb_hidden": false,"expired": false},{"id": "-1004","short": "Lekt. E. Garla","cb_hidden": false,"expired": false},{"id": "-1076","short": "Doc. E. Ma?erauskas","cb_hidden": false,"expired": false},{"id": "-1021","short": "Lekt. I. Liušicyna","cb_hidden": false,"expired": false},{"id": "-998","short": "Lekt. J. ?ivilis","cb_hidden": false,"expired": false},{"id": "-1000","short": "Lekt. J. Daukševi?","cb_hidden": false,"expired": false},{"id": "-1008","short": "Lekt. J. Helsvig","cb_hidden": false,"expired": false},{"id": "-1063","short": "Lekt. J. Liutvinavi?ien?","cb_hidden": false,"expired": false},{"id": "-1026","short": "Lekt. J. Ma??nien?","cb_hidden": false,"expired": false},{"id": "-1077","short": "Doc. L. Gžegoževsk?","cb_hidden": false,"expired": false},{"id": "-1029","short": "Lekt. L. Mažeiko","cb_hidden": false,"expired": false},{"id": "-1067","short": "Lekt. dr. A. Usovait?","cb_hidden": false,"expired": false},{"id": "-1078","short": "Lekt. dr. T. Butvilas","cb_hidden": false,"expired": false},{"id": "-1059","short": "Lekt. G. Dmitrijev","cb_hidden": false,"expired": false},{"id": "-1079","short": "Lekt. G. Me??jien?","cb_hidden": false,"expired": false},{"id": "-1080","short": "Lekt. J. Naujalien?","cb_hidden": false,"expired": false},{"id": "-1081","short": "Lekt. J. Vai?iulyt?","cb_hidden": false,"expired": false},{"id": "-1065","short": "Lekt. J. Vasaitien?","cb_hidden": false,"expired": false},{"id": "-1086","short": "Lekt. J. Zailskas","cb_hidden": false,"expired": false},{"id": "-1030","short": "Lekt. K. Me?inskait?-Stankevi?","cb_hidden": false,"expired": false},{"id": "-1013","short": "Lekt. M. Kiškyt?","cb_hidden": false,"expired": false},{"id": "-1087","short": "Lekt. M. Motiej?nait?","cb_hidden": false,"expired": false},{"id": "-1088","short": "Lekt. M. Šapurov","cb_hidden": false,"expired": false},{"id": "-1089","short": "Lekt. P. Šakalys","cb_hidden": false,"expired": false},{"id": "-1090","short": "Lekt. R. Trimailovien?","cb_hidden": false,"expired": false},{"id": "-1091","short": "Lekt. S. Lideik?","cb_hidden": false,"expired": false},{"id": "-1092","short": "Lekt. S. Volosevi?ius","cb_hidden": false,"expired": false},{"id": "-1093","short": "Lekt. T. Silvanavi?ius","cb_hidden": false,"expired": false},{"id": "-1094","short": "Lekt. V. Gegužien?","cb_hidden": false,"expired": false},{"id": "-1085","short": "Lekt. V. Gudži?nait?","cb_hidden": false,"expired": false},{"id": "-1028","short": "Lekt. V. Matutis","cb_hidden": false,"expired": false},{"id": "-1083","short": "Lekt. V. Valukonis","cb_hidden": false,"expired": false},{"id": "-992","short": "Lekt. M. Baltramaitien?","cb_hidden": false,"expired": false},{"id": "-1007","short": "Lekt. M. Gžegoževskis","cb_hidden": false,"expired": false},{"id": "-1020","short": "Doc. M. Liogys","cb_hidden": false,"expired": false},{"id": "-1050","short": "Lekt. M. R. Urbonavi?ius","cb_hidden": false,"expired": false},{"id": "-1084","short": "Lekt. O. Gibavi?ien?","cb_hidden": false,"expired": false},{"id": "-1031","short": "Lekt. R. Mikonien?","cb_hidden": false,"expired": false},{"id": "-995","short": "Lekt. S. Bu?ys","cb_hidden": false,"expired": false},{"id": "-1015","short": "Doc. S. Kubilinskien?","cb_hidden": false,"expired": false},{"id": "-1018","short": "Lekt. S. Levickien?","cb_hidden": false,"expired": false},{"id": "-1082","short": "Doc. dr. T. Liogien?","cb_hidden": false,"expired": false},{"id": "-993","short": "Lekt. V. Baltr?nien?","cb_hidden": false,"expired": false},{"id": "-1009","short": "Lekt. V. Judickait?-Žukovsk?","cb_hidden": false,"expired": false},{"id": "-1016","short": "Lekt. V. Kuklierius","cb_hidden": false,"expired": false},{"id": "-1023","short": "Lekt. V. Liubinas","cb_hidden": false,"expired": false},{"id": "-1034","short": "Lekt. V. Netikša","cb_hidden": false,"expired": false}],"data_columns": ["short","cb_hidden","expired"]},{"id": "subjects","def": {"id": "subjects","name": "Dalykai","item_name": "Disciplina","icon": "\/global\/pics\/ui\/subject_32.svg"},"cdefs": [{"id": "short","name": "Santrumpa"}],"data_rows": [{"id": "-2383","short": "Accounting Basics"},{"id": "-2384","short": "Algorithms and Data Structures"},{"id": "-2385","short": "Algoritmai ir duomen? strukt?ros"},{"id": "-2386","short": "Analoginiai ?taisai"},{"id": "-2376","short": "Angl? kalba"},{"id": "-2354","short": "Aplinkos ir žmoni? sauga"},{"id": "-2387","short": "Applied Physics"},{"id": "-2388","short": "Apskaitos pagrindai"},{"id": "-2389","short": "Artificial Intelligence"},{"id": "-2390","short": "Atviroji programin? ?ranga"},{"id": "-2391","short": "Atvirojo kodo sistemos"},{"id": "-2392","short": "Automatikos ?taisai"},{"id": "-2393","short": "Automatinio valdymo pagrindai"},{"id": "-2394","short": "Automatinio valdymo sistemos"},{"id": "-2395","short": "Belaid?s telekomunikacijos"},{"id": "-2396","short": "Biuro ir komandinio darbo priemon?s"},{"id": "-2397","short": "Business Management Systems"},{"id": "-2398","short": "Computer Graphics"},{"id": "-2399","short": "Computers and Networks"},{"id": "-2400","short": "Daikt? internetas"},{"id": "-2401","short": "Daikt? interneto ?renginiai ir technologijos"},{"id": "-2402","short": "Databases"},{"id": "-2403","short": "Daugiagijis programavimas"},{"id": "-2404","short": "Daugialyp? terp?"},{"id": "-2405","short": "Discrete Mathematics"},{"id": "-2406","short": "Diskre?ioji matematika"},{"id": "-2407","short": "Dizaino grafika"},{"id": "-2408","short": "Duomen? analitika"},{"id": "-2409","short": "Duomen? baz?s"},{"id": "-2410","short": "Duomen? baz?s ir sistemos"},{"id": "-2615","short": "Duomen? bazi? ir programavimo praktika"},{"id": "-2614","short": "Duomen? bazi? praktika"},{"id": "-2411","short": "Duomen? bazi? projektavimas"},{"id": "-2412","short": "Duomen? bazi? serveri? administravimas"},{"id": "-2413","short": "Duomen? bazi? valdymo kalbos"},{"id": "-2414","short": "Duomen? bazi? valdymo sistemos"},{"id": "-2415","short": "Duomen? perdavimo technologijos"},{"id": "-2416","short": "Duomen? perdavimo tinklai"},{"id": "-2363","short": "Duomen? perdavimo tinkl? projektavimas"},{"id": "-2417","short": "Duomen? strukt?ros ir algoritmai"},{"id": "-2418","short": "Duomen? tyryba"},{"id": "-2372","short": "EA projektavimas ir gamyba"},{"id": "-2358","short": "EA technin? prieži?ra ir diagnostika"},{"id": "-2419","short": "Ekonomika"},{"id": "-2420","short": "Elektromagnetinio lauko teorija"},{"id": "-2421","short": "Elektronika"},{"id": "-2380","short": "Elektronikos ?taisai ir analogin?s grandin?s"},{"id": "-2617","short": "Elektronikos praktika"},{"id": "-2422","short": "Elektronin? aparat?ra ir jos technin? prieži?ra"},{"id": "-2353","short": "Elektronin? komercija"},{"id": "-2423","short": "Elektronin? rinkodara"},{"id": "-2359","short": "Elektronin?s apsaugos sistemos"},{"id": "-2424","short": "Elektronin?s saugos sistemos"},{"id": "-2425","short": "Elektroninio verslo ?rankiai"},{"id": "-2426","short": "Elektroninio verslo ?vadas"},{"id": "-2428","short": "Elektroninio verslo platformos"},{"id": "-2429","short": "Elektroninis marketingas"},{"id": "-2616","short": "Elektronini? matavim? praktika"},{"id": "-2430","short": "Elektronini? sistem? projektas"},{"id": "-2431","short": "Elektrotechnika"},{"id": "1","short": "Elg"},{"id": "-2432","short": "Environmental and Human Safety"},{"id": "-2369","short": "Filosofija"},{"id": "-2433","short": "Finansin?s inovacijos"},{"id": "-2434","short": "Finans? apskaitos pagrindai"},{"id": "-2435","short": "Finans? valdymo sistemos"},{"id": "-2436","short": "Fizika"},{"id": "-2357","short": "Garso ir vaizdo aparat?ra"},{"id": "-2438","short": "Garso ir vaizdo technologijos"},{"id": "-2439","short": "Grafin? vartotojo s?saja"},{"id": "-2350","short": "Grafin?s vartotojo s?sajos k?rimo priemon?s"},{"id": "-2440","short": "Graphical User Interface"},{"id": "-2613","short": "Hipertekstin?s sistemos ir internetin?s technologijos"},{"id": "-2474","short": "Human-Computer Interaction Design"},{"id": "-2362","short": "Informacijos apsauga"},{"id": "-2475","short": "Informacijos perdavimo sistemos"},{"id": "-2476","short": "Informacijos saugos vadyba"},{"id": "-2477","short": "Informacijos saugumas"},{"id": "-2478","short": "Informacijos sistemos"},{"id": "-2479","short": "Informacijos sistemos ir j? sauga"},{"id": "-2480","short": "Informacijos sistem? patikimumas ir testavimas"},{"id": "-2481","short": "Informacijos sistem? projektavimas"},{"id": "-2482","short": "Informacijos sistem? testavimas"},{"id": "-2483","short": "Informacijos valdymas"},{"id": "-2484","short": "Informacijos valdymo pagrindai"},{"id": "-2485","short": "Informacin?s technologijos"},{"id": "-2486","short": "Informacin?s veiklos praktika"},{"id": "-2487","short": "Informacini? paslaug? valdymas"},{"id": "-2488","short": "Informacini? sistem? auditas"},{"id": "-2489","short": "Information Security"},{"id": "-2490","short": "Information Systems"},{"id": "-2491","short": "Information Technology"},{"id": "-2492","short": "Integravimo technologijos"},{"id": "-2493","short": "Integruoti grupinio darbo program? paketai"},{"id": "-2494","short": "Intelektika"},{"id": "-2294","short": "Intelektualieji tinklai"},{"id": "-2495","short": "Interaktyvi? s?saj? modeliavimas"},{"id": "-2496","short": "Internet of Things"},{"id": "-2497","short": "Internetas ir hipertekstin?s sistemos"},{"id": "-2498","short": "Internetin?s technologijos"},{"id": "-2499","short": "Interneto puslapi? k?rimas"},{"id": "-2500","short": "Interneto svetaini? kliento dalies k?rimas"},{"id": "-2501","short": "Interneto svetaini? projektavimas ir k?rimas"},{"id": "-2502","short": "Inžinerin? grafika"},{"id": "-2503","short": "Inžinerin? ir kompiuterin? grafika"},{"id": "-2504","short": "Išmanieji ?renginiai"},{"id": "-2505","short": "Išmani?j? ?rengini? komponent? programavimas"},{"id": "-2506","short": "Išmani?j? ?rengini? sandara"},{"id": "-2509","short": "IT paslaug? tarnybos"},{"id": "-2510","short": "IT projekt? valdymas"},{"id": "-2511","short": "IT teis?"},{"id": "-2512","short": "Judriojo ryšio tinklai"},{"id": "-2513","short": "Kokyb?s vadyba"},{"id": "-2514","short": "Kolektyvinio darbo sistemos"},{"id": "-2515","short": "Kompiuteriai ir j? sandara"},{"id": "-2516","short": "Kompiuteriai ir j? tinklai"},{"id": "-2381","short": "Kompiuterin? grafika"},{"id": "-2517","short": "Kompiuterin? technika"},{"id": "-2518","short": "Kompiuterin?s grafikos pagrindai"},{"id": "-2519","short": "Kompiuterin?s projektavimo priemon?s"},{"id": "-2520","short": "Kompiuterini? projektavimo priemoni? praktika"},{"id": "-2521","short": "Kompiuterini? žaidim? k?rimas"},{"id": "-2522","short": "Kompiuteri? architekt?ra ir tinklai"},{"id": "-2523","short": "Kompiuteri? išoriniai ?renginiai"},{"id": "-2612","short": "Kompiuteri? išoriniai ?renginiai ir sistem? diagnostika"},{"id": "-2525","short": "Kompiuteri? sistem? projektavimas"},{"id": "-2526","short": "Kompiuteri? technika"},{"id": "-2375","short": "Kompiuteri? tinklai"},{"id": "-2527","short": "Kompiuteri? tinklai ir telekomunikacijos"},{"id": "-2355","short": "Kompiuteri? tinkl? administravimas"},{"id": "-2507","short": "Kompiuteri? tinkl? ir informacijos sauga"},{"id": "-2508","short": "Kompiuteri? tinkl? projektavimas ir diegimas"},{"id": "-2528","short": "Komunikavimo pagrindai"},{"id": "-2609","short": "K?no kult?ra"},{"id": "-2529","short": "Kurso projektas"},{"id": "-2530","short": "Law"},{"id": "-2531","short": "Marketingas"},{"id": "-2532","short": "Matavimai ir metrologijos pagrindai"},{"id": "-2533","short": "Matavimai telekomunikacij? tinkluose"},{"id": "-2534","short": "Matavim? automatizavimo sistema LabView"},{"id": "-2377","short": "Matematika"},{"id": "-2535","short": "Mathematics"},{"id": "-2536","short": "Matlab elektronikoje"},{"id": "-2537","short": "Mechatronikos ?taisai"},{"id": "-2610","short": "Mechatronikos pagrindai"},{"id": "-2360","short": "Mechatronikos sistemos"},{"id": "-2538","short": "Mechatronikos sistem? projektas"},{"id": "-2539","short": "Methods of Computation and Optimization"},{"id": "-2540","short": "Mikrobang? technika"},{"id": "-2541","short": "Mikroprocesoriai"},{"id": "-2542","short": "Mikroprocesoriai ir valdikliai"},{"id": "-2543","short": "Mobilios programos"},{"id": "-2544","short": "Multithreaded Programming"},{"id": "-2545","short": "Naudotojo s?sajos projektavimas"},{"id": "-2546","short": "Naujos kartos intelektualieji tinklai"},{"id": "-2547","short": "Nereliacin?s duomen? baz?s"},{"id": "-2548","short": "Object-oriented Programming"},{"id": "-2549","short": "Objektinis programavimas"},{"id": "-2550","short": "Operacin?s sistemos"},{"id": "-2379","short": "Operacin?s sistemos ir j? prieži?ra"},{"id": "-2551","short": "Operating Systems"},{"id": "-2552","short": "Optinio ryšio tinklai"},{"id": "-2553","short": "Organizacij? komunikacijos"},{"id": "-2554","short": "P"},{"id": "-2555","short": "Prieigos tinkl? technologijos"},{"id": "-2556","short": "Probability Theory and Matematical Statistics"},{"id": "-2557","short": "Proces? vizualizavimas"},{"id": "-2443","short": "Profesin? angl? kalba"},{"id": "-2368","short": "Profesin? etika"},{"id": "-2618","short": "Profesin? praktika - ?vadin? paskaita"},{"id": "-2444","short": "Professional English"},{"id": "-2558","short": "Programavimas"},{"id": "-2559","short": "Programavimas .Net aplinkoje"},{"id": "-2560","short": "Programavimas C kalba"},{"id": "-2561","short": "Programavimas Cocoa aplinkoje"},{"id": "-2562","short": "Programavimas išmaniesiems ?renginiams I"},{"id": "-2563","short": "Programavimas išmaniesiems ?renginiams II"},{"id": "-2564","short": "Programavimo kalba C#"},{"id": "-2565","short": "Programavimo kalba Java"},{"id": "-2566","short": "Programin?s ?rangos k?rimo valdymas"},{"id": "-2567","short": "Programinio kodo konstravimas"},{"id": "-2568","short": "Programinio kodo versij? valdymas"},{"id": "-2569","short": "Programming in Java"},{"id": "-2570","short": "Programming Language C#"},{"id": "-2571","short": "Program? inžinerijos pagrindai"},{"id": "-2572","short": "Program? k?rimo metodikos"},{"id": "-2573","short": "Program? prieži?ra ir tobulinimas"},{"id": "-2574","short": "Program? projektavimo šablonai"},{"id": "-2575","short": "Program? sistem? inžinerija"},{"id": "-2576","short": "Program? testavimas"},{"id": "-2374","short": "Programuojami loginiai valdikliai"},{"id": "-2577","short": "Programuojamieji loginiai valdikliai"},{"id": "-2348","short": "Projekt? rengimas ir valdymas"},{"id": "-2578","short": "Projekt? valdymas"},{"id": "-2579","short": "Psichologija"},{"id": "-2581","short": "Robotika"},{"id": "-2580","short": "Ryšio linijos"},{"id": "-2582","short": "Saityno paslaugos"},{"id": "-2583","short": "Saityno saugumas"},{"id": "-2584","short": "Signalai ir grandin?s"},{"id": "-2585","short": "Sistem? integravimo technologijos"},{"id": "-2586","short": "Sistem? testavimas ir patikimumas"},{"id": "-2587","short": "Skaitiniai ir optimizavimo metodai"},{"id": "-2588","short": "Skaitmenin?s garso ir vaizdo technologijos"},{"id": "-2370","short": "Skaitmenin?s grandin?s "},{"id": "-2589","short": "Skaitmenin?s komutacijos sistemos"},{"id": "-2590","short": "Skaitmeniniai ?taisai"},{"id": "-2591","short": "Skaitmeniniai signal? procesoriai"},{"id": "-2592","short": "Skaitmeninis signal? apdorojimas"},{"id": "-2593","short": "Skaitmenini? signal? apdorojimas"},{"id": "-2594","short": "Skriptinis programavimas"},{"id": "-2595","short": "Smart Device Sensors Programming"},{"id": "-2597","short": "Sociologija"},{"id": "-2596","short": "Sociology"},{"id": "-2598","short": "Software Development Management"},{"id": "-2600","short": "Specialios paskirties kompiuteriai"},{"id": "-2601","short": "Specialities Language"},{"id": "-2599","short": "Specialyb?s angl? kalba"},{"id": "-2378","short": "Specialyb?s kalba"},{"id": "-2602","short": "Structural Programming"},{"id": "-2373","short": "Strukt?rinis programavimas"},{"id": "-2603","short": "Strukt?rinis programavimas ir algoritmai"},{"id": "-2611","short": "Svetaini? optimizacija paieškos sistemoms"},{"id": "-2608","short": "Taikomoji fizika"},{"id": "-2605","short": "Technologij? praktika"},{"id": "-2356","short": "Teis?"},{"id": "-2606","short": "Telekomunikacij? sistemos"},{"id": "-2607","short": "Telekomunikacij? sistemos ir tinklai"},{"id": "-2367","short": "Telekomunikacij? tinkl? projektas"},{"id": "-2365","short": "Telekomunikacij? tinkl? signalizacijos sistemos"},{"id": "-2470","short": "Telekomunikacij? tinkl? valdymas"},{"id": "-2471","short": "Tikimybi? teorija ir matematin? statistika"},{"id": "-2472","short": "Tikimybi? teorija ir statistika"},{"id": "-2473","short": "Turinio valdymo sistemos"},{"id": "-2347","short": "Vadyba"},{"id": "-2458","short": "Vaizdo technologijos"},{"id": "-2459","short": "Valdikliai"},{"id": "-2349","short": "Verslo ekonomika"},{"id": "-2460","short": "Verslo etika"},{"id": "-2461","short": "Verslo komunikacijos"},{"id": "-2457","short": "Verslo valdymo sistemos"},{"id": "-2467","short": "Virtualieji elektronikos instrumentai"},{"id": "-2468","short": "Web analitika"},{"id": "-2456","short": "Web Design"},{"id": "-2469","short": "WEB dizainas"},{"id": "-2455","short": "Web saugumas"},{"id": "-2453","short": "Web Services"},{"id": "-2452","short": "Web servisai"},{"id": "-2450","short": "Web Site Design and Development"},{"id": "-2451","short": "Žmogaus ir kompiuterio s?saja"},{"id": "-2454","short": "Žmogaus ir kompiuterio s?veikos projektavimas"}],"data_columns": ["short"]},{"id": "classrooms","def": {"id": "classrooms","name": "Kabinetai","item_name": "Kabinetas","icon": "\/global\/pics\/ui\/classroom_32.svg"},"cdefs": [{"id": "short","name": "Santrumpa"}],"data_rows": [{"id": "-436","short": "104"},{"id": "-437","short": "104A"},{"id": "-438","short": "201"},{"id": "-439","short": "202"},{"id": "-440","short": "203"},{"id": "-441","short": "205"},{"id": "-442","short": "207"},{"id": "-404","short": "209"},{"id": "-405","short": "210"},{"id": "-406","short": "222"},{"id": "-443","short": "303"},{"id": "-407","short": "305"},{"id": "-408","short": "307"},{"id": "-409","short": "309"},{"id": "-410","short": "311"},{"id": "-411","short": "313"},{"id": "-412","short": "314"},{"id": "-413","short": "315"},{"id": "-414","short": "317"},{"id": "-445","short": "317A"},{"id": "-415","short": "318"},{"id": "-416","short": "320"},{"id": "-444","short": "321"},{"id": "-417","short": "324"},{"id": "-418","short": "326"},{"id": "-452","short": "327"},{"id": "-419","short": "328"},{"id": "-420","short": "330"},{"id": "-421","short": "335"},{"id": "-422","short": "401"},{"id": "-423","short": "403"},{"id": "-424","short": "404"},{"id": "-425","short": "406"},{"id": "-426","short": "408"},{"id": "-427","short": "410"},{"id": "-428","short": "412"},{"id": "-429","short": "413"},{"id": "-430","short": "414"},{"id": "-431","short": "416"},{"id": "-432","short": "417"},{"id": "-433","short": "420"},{"id": "-434","short": "422"},{"id": "-455","short": "Student? g. 39A, 401 aud."}],"data_columns": ["short"]},{"id": "classes","def": {"id": "classes","name": "Grup?s","item_name": "Grup?","icon": "\/global\/pics\/ui\/class_32.svg"},"cdefs": [{"id": "short","name": "Santrumpa"}],"data_rows": [{"id": "-550","short": "EI17A"},{"id": "-549","short": "EI18A"},{"id": "-576","short": "EI18B"},{"id": "-547","short": "EI19A"},{"id": "-527","short": "IS17A"},{"id": "-528","short": "IS17B"},{"id": "-577","short": "IS17C"},{"id": "-524","short": "IS18A"},{"id": "-578","short": "IS18B"},{"id": "-579","short": "IS19A"},{"id": "-580","short": "IS19B"},{"id": "-581","short": "KS17A"},{"id": "-582","short": "KS18A"},{"id": "-583","short": "KS19A"},{"id": "-584","short": "PI17A"},{"id": "-585","short": "PI17B"},{"id": "-586","short": "PI17C"},{"id": "-587","short": "PI17E"},{"id": "-588","short": "PI18A"},{"id": "-589","short": "PI18B"},{"id": "-575","short": "PI18C"},{"id": "-574","short": "PI18D"},{"id": "-573","short": "PI18E"},{"id": "-572","short": "PI19A"},{"id": "-571","short": "PI19B"},{"id": "-570","short": "PI19C"},{"id": "-569","short": "PI19D"},{"id": "-568","short": "PI19E"},{"id": "-590","short": "SPF"},{"id": "-567","short": "TS17A"},{"id": "-566","short": "TS19A"}],"data_columns": ["short"]},{"id": "students","def": {"id": "students","name": "Studentai","item_name": "Mokinys","icon": "\/global\/pics\/ui\/student_32.svg","name_cols": ["FSL","LCF","LSF","PFSL","PFSLX","LCFP","LSFP","LSFCP","PLSF"]},"cdefs": []},{"id": "igroups","def": {"id": "igroups","name": "Interes? grup?s","item_name": "Pom?gi? grup?","icon": "\/global\/pics\/ui\/igroup_32.png"},"cdefs": [{"id": "name","name": "Vardas"},{"id": "short","name": "Santrumpa"}],"data_rows": [],"data_columns": ["name","short"]},{"id": "periods","def": {"id": "periods","name": "Periodai","item_name": "Laikotarpis","icon": "\/global\/pics\/ui\/time_32.svg"},"cdefs": [{"id": "name","name": "Vardas"},{"id": "short","name": "Santrumpa"},{"id": "period","type": "tableid","name": "Laikotarpis","table": "periods"},{"id": "starttime","type": "time","name": "Prad?ti"},{"id": "endtime","type": "time","name": "Baigti"}],"data_rows": [{"id": "1","name": "1 paskaita","short": "1","period": "1","starttime": "07:45","endtime": "09:15"},{"id": "2","name": "2 paskaita","short": "2","period": "2","starttime": "09:30","endtime": "11:00"},{"id": "3","name": "3 paskaita","short": "3","period": "3","starttime": "11:45","endtime": "13:15"},{"id": "4","name": "4 paskaita","short": "4","period": "4","starttime": "13:30","endtime": "15:00"},{"id": "5","name": "5 paskaita","short": "5","period": "5","starttime": "15:15","endtime": "16:45"},{"id": "6","name": "6 paskaita","short": "6","period": "6","starttime": "17:00","endtime": "18:30"},{"id": "7","name": "7 paskaita","short": "7","period": "7","starttime": "18:45","endtime": "20:15"}],"data_columns": ["name","short","period","starttime","endtime"]},{"id": "dayparts","def": {"id": "dayparts","name": "Dienos dalys","item_name": "Dienos dalis","icon": "\/global\/pics\/ui\/time_32.png"},"cdefs": [{"id": "starttime","type": "time","name": "Prad?ti"},{"id": "endtime","type": "time","name": "Baigti"}],"data_rows": [{"id": "h1","starttime": "08:00","endtime": "12:00"},{"id": "h2","starttime": "12:00","endtime": "16:00"},{"id": "h3","starttime": "16:00","endtime": "20:00"}],"data_columns": ["starttime","endtime"]},{"id": "dates","def": {"id": "dates","name": "Datos","item_name": "Data","icon": "\/global\/pics\/ui\/calendar_32.png"},"cdefs": [{"id": "tt_num","type": "tableid","name": "tt_num","table": "officialetimetables"},{"id": "tt_day","type": "int","name": "tt_day"}],"data_rows": [{"id": "2020-04-20","tt_num": "128","tt_day": 0},{"id": "2020-04-21","tt_num": "128","tt_day": 1},{"id": "2020-04-22","tt_num": "128","tt_day": 2},{"id": "2020-04-23","tt_num": "128","tt_day": 3},{"id": "2020-04-24","tt_num": "128","tt_day": 4},{"id": "2020-04-25","tt_num": "128","tt_day": 5},{"id": "2020-04-26","tt_num": "128","tt_day": -1}],"data_columns": ["tt_num","tt_day"]},{"id": "events","def": {"id": "events","name": "?vykiai","item_name": "?vykis","icon": "\/global\/pics\/ui\/events_32.svg"},"cdefs": []},{"id": "event_types","def": {"id": "event_types","name": "?vyki? tipai","item_name": "?vykio tipas","icon": "\/agenda\/pics\/online\/calendar_month_zoom_32.png"},"cdefs": []},{"id": "subst_absents","def": {"id": "subst_absents","name": "Nedalyvauja","item_name": "Nedalyvauja","icon": "\/customize\/pics\/substitution.gif"},"cdefs": []}],"changeEvents": {"dbi:teachers": 1000002,"dbi:subjects": 1000007,"dbi:classrooms": 1000000,"dbi:classes": 1000000,"dbi:igroups": 1000000,"dbi:periods": 1000000,"dbi:dayparts": 1000000,"dbi:halves": 1000000,"dbi:timetables": 1000059}}}
Created Person 
]]></system-out>
  </testcase>
</testsuite>